This is pdfTeX, Version 3.141592653-2.6-1.40.24 (TeX Live 2022) (preloaded format=pdflatex 2022.4.10)  25 OCT 2022 22:34
entering extended mode
 \write18 enabled.
 file:line:error style messages enabled.
 %&-line parsing enabled.
**/Users/lzawbrito/projects/lzawbrito.github.io/public/docs/notes/pset-example
(/Users/lzawbrito/projects/lzawbrito.github.io/public/docs/notes/pset-example.tex
LaTeX2e <2021-11-15> patch level 1
L3 programming layer <2022-02-24> (/usr/local/texlive/2022basic/texmf-dist/tex/latex/base/article.cls
Document Class: article 2021/10/04 v1.4n Standard LaTeX document class
(/usr/local/texlive/2022basic/texmf-dist/tex/latex/base/size10.clo
File: size10.clo 2021/10/04 v1.4n Standard LaTeX file (size option)
)
\c@part=\count185
\c@section=\count186
\c@subsection=\count187
\c@subsubsection=\count188
\c@paragraph=\count189
\c@subparagraph=\count190
\c@figure=\count191
\c@table=\count192
\abovecaptionskip=\skip47
\belowcaptionskip=\skip48
\bibindent=\dimen138
)

! LaTeX Error: File `...' not found.

Type X to quit or <RETURN> to proceed,
or enter new name. (Default extension: )

Enter file name: 
/Users/lzawbrito/projects/lzawbrito.github.io/public/docs/notes/pset-example.tex:2: Emergency stop.
<read *> 
         
l.2 \input{...}
               ^^M
*** (cannot \read from terminal in nonstop modes)

 
Here is how much of TeX's memory you used:
 232 strings out of 479719
 3135 string characters out of 5880574
 288248 words of memory out of 5000000
 18320 multiletter control sequences out of 15000+600000
 469259 words of font info for 28 fonts, out of 8000000 for 9000
 319 hyphenation exceptions out of 8191
 34i,0n,38p,202b,36s stack positions out of 10000i,1000n,20000p,200000b,200000s
/Users/lzawbrito/projects/lzawbrito.github.io/public/docs/notes/pset-example.tex:2:  ==> Fatal error occurred, no output PDF file produced!
