\BOOKMARK [0][-]{chapter.1}{\376\377\000J\000a\000n\000u\000a\000r\000y}{}% 1
\BOOKMARK [1][-]{subsection.1.0.1}{\376\377\000G\000r\000o\000u\000p\000\040\000C\000o\000h\000o\000m\000o\000l\000o\000g\000y}{chapter.1}% 2
\BOOKMARK [2][-]{subsection.1.0.2}{\376\377\000C\000e\000n\000t\000r\000a\000l\000\040\000e\000x\000t\000e\000n\000s\000i\000o\000n\000s\000\040\000f\000r\000o\000m\000\040\000c\000o\000h\000o\000m\000o\000l\000o\000g\000y}{subsection.1.0.1}% 3
\BOOKMARK [0][-]{chapter.2}{\376\377\000F\000e\000b\000r\000u\000a\000r\000y}{}% 4
\BOOKMARK [1][-]{subsection.2.0.1}{\376\377\000L\000a\000r\000g\000e\000-\000k\000\040\000p\000a\000r\000t\000i\000t\000i\000o\000n\000\040\000f\000u\000n\000c\000t\000i\000o\000n\000\040\000a\000n\000d\000\040\000f\000r\000a\000m\000i\000n\000g\000\040\000a\000n\000o\000m\000a\000l\000y}{chapter.2}% 5
\BOOKMARK [2][-]{subsection.2.0.2}{\376\377\0001\000-\000f\000o\000r\000m\000\040\000s\000y\000m\000m\000e\000t\000r\000y}{subsection.2.0.1}% 6
\BOOKMARK [2][-]{subsection.2.0.3}{\376\377\000S\000p\000i\000n\000\040\000m\000a\000n\000i\000f\000o\000l\000d\000s}{subsection.2.0.1}% 7
\BOOKMARK [2][-]{subsection.2.0.4}{\376\377\000V\000i\000e\000r\000b\000e\000i\000n\000s\000,\000\040\000T\000e\000t\000r\000a\000d\000s\000,\000\040\000S\000p\000i\000n\000\040\000C\000o\000n\000n\000e\000c\000t\000i\000o\000n\000s}{subsection.2.0.1}% 8
\BOOKMARK [2][-]{subsection.2.0.5}{\376\377\000S\000p\000i\000n\000o\000r\000\040\000R\000e\000p\000s\000\040\000o\000f\000\040\000G\000L\0004}{subsection.2.0.1}% 9
\BOOKMARK [2][-]{subsection.2.0.6}{\376\377\000S\000t\000i\000e\000f\000e\000l\000-\000W\000h\000i\000t\000n\000e\000y\000\040\000c\000l\000a\000s\000s\000e\000s}{subsection.2.0.1}% 10
\BOOKMARK [2][-]{subsection.2.0.7}{\376\377\000'\000t\000\040\000H\000o\000o\000f\000t\000\040\000A\000n\000o\000m\000a\000l\000i\000e\000s\000\040\000a\000n\000d\000\040\000C\000o\000h\000o\000m\000o\000l\000o\000g\000y}{subsection.2.0.1}% 11
\BOOKMARK [0][-]{chapter.3}{\376\377\000M\000a\000r\000c\000h}{}% 12
\BOOKMARK [1][-]{subsection.3.0.1}{\376\377\000P\000a\000t\000h\000\040\000s\000p\000a\000c\000e\000\040\000f\000i\000b\000r\000a\000t\000i\000o\000n}{chapter.3}% 13
\BOOKMARK [2][-]{subsection.3.0.2}{\376\377\000\050\000R\000e\000s\000t\000r\000i\000c\000t\000e\000d\000\051\000\040\000B\000o\000l\000t\000z\000m\000a\000n\000n\000\040\000M\000a\000c\000h\000i\000n\000e\000s}{subsection.3.0.1}% 14
\BOOKMARK [2][-]{subsection.3.0.3}{\376\377\000N\000e\000u\000r\000a\000l\000\040\000Q\000u\000a\000n\000t\000u\000m\000\040\000S\000t\000a\000t\000e\000s}{subsection.3.0.1}% 15
\BOOKMARK [2][-]{subsection.3.0.4}{\376\377\0001\000\040\000+\000\040\0001}{subsection.3.0.1}% 16
\BOOKMARK [2][-]{subsection.3.0.5}{\376\377\0002\000\040\000+\000\040\0001}{subsection.3.0.1}% 17
\BOOKMARK [2][-]{subsection.3.0.6}{\376\377\000P\000o\000i\000n\000c\000a\000r\000\351\000\040\000D\000u\000a\000l\000i\000t\000y}{subsection.3.0.1}% 18
\BOOKMARK [2][-]{subsection.3.0.7}{\376\377\000M\000P\000S\000\040\000R\000e\000f\000r\000e\000s\000h\000e\000r}{subsection.3.0.1}% 19
\BOOKMARK [0][-]{chapter.4}{\376\377\000A\000p\000r\000i\000l}{}% 20
